2024-10-30 09:06:50,504 INFO: WebToursBaseUserClass started. Host: http://localhost:1080
2024-10-30 09:06:50,505 INFO: Imported WebToursBaseUserClas
2024-10-30 09:26:56,022 INFO: WebToursBaseUserClass started. Host: http://localhost:1080
2024-10-30 09:26:56,022 INFO: Imported WebToursBaseUserClas
2024-10-30 09:32:25,719 INFO: WebToursBaseUserClass started. Host: http://localhost:1080
2024-10-30 09:32:25,719 INFO: Imported WebToursBaseUserClas
2024-10-30 09:33:52,484 INFO: WebToursBaseUserClass started. Host: http://localhost:1080
2024-10-30 09:33:52,485 INFO: Imported WebToursBaseUserClas
2024-10-30 09:36:51,654 INFO: WebToursBaseUserClass started. Host: http://localhost:1080
2024-10-30 09:36:51,655 INFO: Imported WebToursBaseUserClas
2024-10-30 11:00:12,284 INFO: WebToursBaseUserClass started. Host: http://localhost:1080
2024-10-30 11:00:12,285 INFO: Imported WebToursBaseUserClas
2024-10-30 11:52:57,891 INFO: WebToursBaseUserClass started. Host: http://localhost:1080
2024-10-30 11:54:37,120 INFO: WebToursBaseUserClass started. Host: http://localhost:1080
2024-10-30 11:54:37,121 INFO: Imported WebToursBaseUserClass
2024-10-30 12:08:50,342 INFO: WebToursBaseUserClass started. Host: http://localhost:1080
2024-10-30 12:08:50,342 INFO: Imported WebToursBaseUserClass
2024-10-30 12:16:54,225 INFO: WebToursBaseUserClass started. Host: http://localhost:1080
2024-10-30 12:16:54,226 INFO: Imported WebToursBaseUserClass
2024-10-30 13:18:51,583 INFO: WebToursBaseUserClass started. Host: http://localhost:1080
2024-10-30 13:18:51,584 INFO: Imported WebToursBaseUserClass
2024-10-30 13:26:53,397 INFO: WebToursBaseUserClass started. Host: http://localhost:1080
2024-10-30 13:26:53,397 INFO: Imported WebToursBaseUserClass
2024-10-30 13:36:01,017 INFO: WebToursBaseUserClass started. Host: http://localhost:1080
2024-10-30 13:36:01,018 INFO: Imported WebToursBaseUserClass
2024-10-30 13:40:52,143 INFO: WebToursBaseUserClass started. Host: http://localhost:1080
2024-10-30 13:40:52,143 INFO: Imported WebToursBaseUserClass
2024-10-30 13:53:22,565 INFO: WebToursBaseUserClass started. Host: http://localhost:1080
2024-10-30 13:53:22,565 INFO: Imported WebToursBaseUserClass
2024-10-30 14:06:36,568 INFO: WebToursBaseUserClass started. Host: http://localhost:1080
2024-10-30 14:06:36,568 INFO: Imported WebToursBaseUserClass
2024-11-04 22:23:14,375 INFO: WebToursBaseUserClass started. Host: http://localhost:1080
2024-11-04 22:23:14,375 INFO: Imported WebToursBaseUserClass
2024-11-04 22:25:06,698 INFO: WebToursBaseUserClass started. Host: http://localhost:1080
2024-11-04 22:25:06,699 INFO: Imported WebToursBaseUserClass
2024-11-04 22:35:42,242 INFO: WebToursBaseUserClass started. Host: http://localhost:1080
2024-11-04 22:35:42,243 INFO: Imported WebToursBaseUserClass
2024-11-05 00:06:55,942 INFO: WebToursBaseUserClass started. Host: http://localhost:1080
2024-11-05 00:06:55,942 INFO: Imported WebToursBaseUserClass
2024-11-05 08:57:11,117 INFO: WebToursBaseUserClass started. Host: http://localhost:1080
2024-11-05 08:57:11,132 INFO: Imported WebToursBaseUserClass
2024-11-05 08:58:17,470 INFO: WebToursBaseUserClass started. Host: http://localhost:1080
2024-11-05 08:58:17,470 INFO: Imported WebToursBaseUserClass
2024-11-05 09:01:46,296 INFO: WebToursBaseUserClass started. Host: http://localhost:1080
2024-11-05 09:01:46,296 INFO: Imported WebToursBaseUserClass
2024-11-05 09:06:45,371 INFO: WebToursBaseUserClass started. Host: http://localhost:1080
2024-11-05 09:06:45,371 INFO: Imported WebToursBaseUserClass
2024-11-05 09:07:46,719 INFO: WebToursBaseUserClass started. Host: http://localhost:1080
2024-11-05 09:07:46,719 INFO: Imported WebToursBaseUserClass
2024-11-05 09:15:58,253 INFO: WebToursBaseUserClass started. Host: http://localhost:1080
2024-11-05 09:15:58,257 INFO: Imported WebToursBaseUserClass
2024-11-05 09:21:25,407 INFO: WebToursBaseUserClass started. Host: http://localhost:1080
2024-11-05 09:21:25,407 INFO: Imported WebToursBaseUserClass
2024-11-05 09:24:58,578 INFO: WebToursBaseUserClass started. Host: http://localhost:1080
2024-11-05 09:24:58,578 INFO: Imported WebToursBaseUserClass
2024-11-05 09:26:09,914 INFO: WebToursBaseUserClass started. Host: http://localhost:1080
2024-11-05 09:26:09,914 INFO: Imported WebToursBaseUserClass
2024-11-05 09:39:52,506 INFO: WebToursBaseUserClass started. Host: http://localhost:1080
2024-11-05 09:39:52,506 INFO: Imported WebToursBaseUserClass
2024-11-05 09:40:42,624 INFO: WebToursBaseUserClass started. Host: http://localhost:1080
2024-11-05 09:40:42,624 INFO: Imported WebToursBaseUserClass
2024-11-05 09:52:10,058 INFO: WebToursBaseUserClass started. Host: http://localhost:1080
2024-11-05 09:52:10,058 INFO: Imported WebToursBaseUserClass
2024-11-05 10:01:33,797 INFO: WebToursBaseUserClass started. Host: http://localhost:1080
2024-11-05 10:01:33,809 INFO: Imported WebToursBaseUserClass
2024-11-05 10:35:49,045 INFO: WebToursBaseUserClass started. Host: http://localhost:1080
2024-11-05 10:35:49,045 INFO: Imported WebToursBaseUserClass
2024-11-05 10:36:10,327 INFO: WebToursBaseUserClass started. Host: http://localhost:1080
2024-11-05 10:36:10,328 INFO: Imported WebToursBaseUserClass
2024-11-05 10:40:08,333 INFO: WebToursBaseUserClass started. Host: http://localhost:1080
2024-11-05 10:40:08,333 INFO: Imported WebToursBaseUserClass
2024-11-05 11:15:44,722 INFO: WebToursBaseUserClass started. Host: http://localhost:1080
2024-11-05 11:15:44,738 INFO: Imported WebToursBaseUserClass
2024-11-05 11:19:45,802 INFO: WebToursBaseUserClass started. Host: http://localhost:1080
2024-11-05 11:19:45,802 INFO: Imported WebToursBaseUserClass
2024-11-05 12:27:32,731 INFO: WebToursBaseUserClass started. Host: http://localhost:1080
2024-11-05 12:27:32,731 INFO: Imported WebToursBaseUserClass
2024-11-05 13:52:57,448 INFO: WebToursBaseUserClass started. Host: http://localhost:1080
2024-11-05 13:52:57,449 INFO: Imported WebToursBaseUserClass
2024-11-05 14:11:22,358 INFO: WebToursBaseUserClass started. Host: http://localhost:1080
2024-11-05 14:11:22,358 INFO: Imported WebToursBaseUserClass
2024-11-05 14:12:33,423 INFO: WebToursBaseUserClass started. Host: http://localhost:1080
2024-11-05 14:12:33,423 INFO: Imported WebToursBaseUserClass
2024-11-05 14:23:05,293 INFO: WebToursBaseUserClass started. Host: http://localhost:1080
2024-11-05 14:23:05,293 INFO: Imported WebToursBaseUserClass
2024-11-05 14:27:26,697 INFO: WebToursBaseUserClass started. Host: http://localhost:1080
2024-11-05 14:27:26,697 INFO: Imported WebToursBaseUserClass
2024-11-05 15:04:43,578 INFO: WebToursBaseUserClass started. Host: http://localhost:1080
2024-11-05 15:04:43,588 INFO: Imported WebToursBaseUserClass
2024-11-05 15:55:48,845 INFO: WebToursBaseUserClass started. Host: http://localhost:1080
2024-11-05 15:55:48,846 INFO: Imported WebToursBaseUserClass
2024-11-05 15:57:06,207 INFO: WebToursBaseUserClass started. Host: http://localhost:1080
2024-11-05 15:57:06,207 INFO: Imported WebToursBaseUserClass
2024-11-05 16:00:04,213 INFO: WebToursBaseUserClass started. Host: http://localhost:1080
2024-11-05 16:00:04,213 INFO: Imported WebToursBaseUserClass
2024-11-05 16:10:01,982 INFO: WebToursBaseUserClass started. Host: http://localhost:1080
2024-11-05 16:10:01,982 INFO: Imported WebToursBaseUserClass
2024-11-05 16:12:05,175 INFO: WebToursBaseUserClass started. Host: http://localhost:1080
2024-11-05 16:12:05,175 INFO: Imported WebToursBaseUserClass
2024-11-05 16:18:54,096 INFO: WebToursBaseUserClass started. Host: http://localhost:1080
2024-11-05 16:18:54,096 INFO: Imported WebToursBaseUserClass
2024-11-05 16:24:12,905 INFO: WebToursBaseUserClass started. Host: http://localhost:1080
2024-11-05 16:24:12,921 INFO: Imported WebToursBaseUserClass
2024-11-05 16:30:27,110 INFO: WebToursBaseUserClass started. Host: http://localhost:1080
2024-11-05 16:30:27,111 INFO: Imported WebToursBaseUserClass
2024-11-05 16:37:37,734 INFO: WebToursBaseUserClass started. Host: http://localhost:1080
2024-11-05 16:37:37,734 INFO: Imported WebToursBaseUserClass
2024-11-05 16:40:03,858 INFO: WebToursBaseUserClass started. Host: http://localhost:1080
2024-11-05 16:40:03,858 INFO: Imported WebToursBaseUserClass
2024-11-05 16:45:15,496 INFO: WebToursBaseUserClass started. Host: http://localhost:1080
2024-11-05 16:45:15,496 INFO: Imported WebToursBaseUserClass
2024-11-05 16:49:18,683 INFO: WebToursBaseUserClass started. Host: http://localhost:1080
2024-11-05 16:49:18,683 INFO: Imported WebToursBaseUserClass
2024-11-05 16:51:22,712 INFO: WebToursBaseUserClass started. Host: http://localhost:1080
2024-11-05 16:51:22,712 INFO: Imported WebToursBaseUserClass
2024-11-05 16:54:35,895 INFO: WebToursBaseUserClass started. Host: http://localhost:1080
2024-11-05 16:54:35,895 INFO: Imported WebToursBaseUserClass
2024-11-05 17:22:20,309 INFO: WebToursBaseUserClass started. Host: http://localhost:1080
2024-11-05 17:22:20,314 INFO: Imported WebToursBaseUserClass
2024-11-05 17:25:17,683 INFO: WebToursBaseUserClass started. Host: http://localhost:1080
2024-11-05 17:25:17,683 INFO: Imported WebToursBaseUserClass
2024-11-05 17:34:47,410 INFO: WebToursBaseUserClass started. Host: http://localhost:1080
2024-11-05 17:34:47,410 INFO: Imported WebToursBaseUserClass
2024-11-05 17:37:27,439 INFO: WebToursBaseUserClass started. Host: http://localhost:1080
2024-11-05 17:37:27,439 INFO: Imported WebToursBaseUserClass
2024-11-05 17:38:02,718 INFO: WebToursBaseUserClass started. Host: http://localhost:1080
2024-11-05 17:38:02,718 INFO: Imported WebToursBaseUserClass
2024-11-05 17:38:02,738 INFO: Test data for users is: [{'﻿Login': 'jojo', 'Password': 'bean', 'address1': 'First street', 'address2': 'Liberty', 'pass1': 'Jojo Bean', 'arrive': 'Portland', 'depart': 'Denver'}, {'﻿Login': 'Mark', 'Password': 'Tven', 'address1': 'Boom street', 'address2': 'Akron', 'pass1': 'Mark Tven', 'arrive': 'San Francisco', 'depart': 'Frankfurt'}, {'﻿Login': 'Tony', 'Password': 'Versety', 'address1': 'Beach street', 'address2': 'Vicecity', 'pass1': 'Tony Versety', 'arrive': 'Seattle', 'depart': 'London'}, {'﻿Login': 'Thomas', 'Password': 'Shelbi', 'address1': 'Opolo street', 'address2': 'Boston', 'pass1': 'Thomas Shelbi', 'arrive': 'Sydney', 'depart': 'Los Angeles'}, {'﻿Login': 'Oliver', 'Password': 'Abramson', 'address1': 'Fire street', 'address2': 'Buffalo', 'pass1': 'Oliver Abramson', 'arrive': 'Zurich', 'depart': 'Paris'}, {'﻿Login': 'Jack', 'Password': 'James', 'address1': 'Frends street', 'address2': 'Cary', 'pass1': 'Jack James', 'arrive': 'Denver', 'depart': 'Portland'}, {'﻿Login': 'Harry', 'Password': 'Bishop', 'address1': 'Obama street', 'address2': 'Concord', 'pass1': 'Harry Bishop', 'arrive': 'Frankfurt', 'depart': 'San Francisco'}, {'﻿Login': 'Jacob', 'Password': 'Longman', 'address1': 'Wall Street', 'address2': 'Erie', 'pass1': 'Jacob Longman', 'arrive': 'London', 'depart': 'Seattle'}, {'﻿Login': 'Charley', 'Password': 'Mason', 'address1': 'Liberty street', 'address2': 'Frisco', 'pass1': 'Charley Mason', 'arrive': 'Los Angeles', 'depart': 'Sydney'}, {'﻿Login': 'George', 'Password': 'Miller', 'address1': 'Lafayette Street', 'address2': 'Gresham', 'pass1': 'George Miller', 'arrive': 'Paris', 'depart': 'Zurich'}]
2024-11-05 17:38:05,215 INFO: USER_SESSION PARAMETER: 140201.88618874HcVVzDtpfcAiDDDDtDczQpiAHVcf
2024-11-05 17:42:06,335 INFO: WebToursBaseUserClass started. Host: http://localhost:1080
2024-11-05 17:42:06,335 INFO: Imported WebToursBaseUserClass
2024-11-05 17:42:06,355 INFO: Test data for users is: [{'﻿Login': 'jojo', 'Password': 'bean', 'address1': 'First street', 'address2': 'Liberty', 'pass1': 'Jojo Bean', 'arrive': 'Portland', 'depart': 'Denver'}, {'﻿Login': 'Mark', 'Password': 'Tven', 'address1': 'Boom street', 'address2': 'Akron', 'pass1': 'Mark Tven', 'arrive': 'San Francisco', 'depart': 'Frankfurt'}, {'﻿Login': 'Tony', 'Password': 'Versety', 'address1': 'Beach street', 'address2': 'Vicecity', 'pass1': 'Tony Versety', 'arrive': 'Seattle', 'depart': 'London'}, {'﻿Login': 'Thomas', 'Password': 'Shelbi', 'address1': 'Opolo street', 'address2': 'Boston', 'pass1': 'Thomas Shelbi', 'arrive': 'Sydney', 'depart': 'Los Angeles'}, {'﻿Login': 'Oliver', 'Password': 'Abramson', 'address1': 'Fire street', 'address2': 'Buffalo', 'pass1': 'Oliver Abramson', 'arrive': 'Zurich', 'depart': 'Paris'}, {'﻿Login': 'Jack', 'Password': 'James', 'address1': 'Frends street', 'address2': 'Cary', 'pass1': 'Jack James', 'arrive': 'Denver', 'depart': 'Portland'}, {'﻿Login': 'Harry', 'Password': 'Bishop', 'address1': 'Obama street', 'address2': 'Concord', 'pass1': 'Harry Bishop', 'arrive': 'Frankfurt', 'depart': 'San Francisco'}, {'﻿Login': 'Jacob', 'Password': 'Longman', 'address1': 'Wall Street', 'address2': 'Erie', 'pass1': 'Jacob Longman', 'arrive': 'London', 'depart': 'Seattle'}, {'﻿Login': 'Charley', 'Password': 'Mason', 'address1': 'Liberty street', 'address2': 'Frisco', 'pass1': 'Charley Mason', 'arrive': 'Los Angeles', 'depart': 'Sydney'}, {'﻿Login': 'George', 'Password': 'Miller', 'address1': 'Lafayette Street', 'address2': 'Gresham', 'pass1': 'George Miller', 'arrive': 'Paris', 'depart': 'Zurich'}]
2024-11-05 17:42:08,635 INFO: USER_SESSION PARAMETER: 140201.905872823HcVVzDfpfDDDDDDDtDczQpiVDc
2024-11-05 22:27:42,592 INFO: WebToursBaseUserClass started. Host: http://localhost:1080
2024-11-05 22:27:42,593 INFO: Imported WebToursBaseUserClass
2024-11-05 22:27:42,608 INFO: Test data for users is: [{'﻿Login': 'jojo', 'Password': 'bean', 'address1': 'First street', 'address2': 'Liberty', 'pass1': 'Jojo Bean', 'arrive': 'Portland', 'depart': 'Denver'}, {'﻿Login': 'Mark', 'Password': 'Tven', 'address1': 'Boom street', 'address2': 'Akron', 'pass1': 'Mark Tven', 'arrive': 'San Francisco', 'depart': 'Frankfurt'}, {'﻿Login': 'Tony', 'Password': 'Versety', 'address1': 'Beach street', 'address2': 'Vicecity', 'pass1': 'Tony Versety', 'arrive': 'Seattle', 'depart': 'London'}, {'﻿Login': 'Thomas', 'Password': 'Shelbi', 'address1': 'Opolo street', 'address2': 'Boston', 'pass1': 'Thomas Shelbi', 'arrive': 'Sydney', 'depart': 'Los Angeles'}, {'﻿Login': 'Oliver', 'Password': 'Abramson', 'address1': 'Fire street', 'address2': 'Buffalo', 'pass1': 'Oliver Abramson', 'arrive': 'Zurich', 'depart': 'Paris'}, {'﻿Login': 'Jack', 'Password': 'James', 'address1': 'Frends street', 'address2': 'Cary', 'pass1': 'Jack James', 'arrive': 'Denver', 'depart': 'Portland'}, {'﻿Login': 'Harry', 'Password': 'Bishop', 'address1': 'Obama street', 'address2': 'Concord', 'pass1': 'Harry Bishop', 'arrive': 'Frankfurt', 'depart': 'San Francisco'}, {'﻿Login': 'Jacob', 'Password': 'Longman', 'address1': 'Wall Street', 'address2': 'Erie', 'pass1': 'Jacob Longman', 'arrive': 'London', 'depart': 'Seattle'}, {'﻿Login': 'Charley', 'Password': 'Mason', 'address1': 'Liberty street', 'address2': 'Frisco', 'pass1': 'Charley Mason', 'arrive': 'Los Angeles', 'depart': 'Sydney'}, {'﻿Login': 'George', 'Password': 'Miller', 'address1': 'Lafayette Street', 'address2': 'Gresham', 'pass1': 'George Miller', 'arrive': 'Paris', 'depart': 'Zurich'}]
2024-11-05 22:27:44,965 INFO: USER_SESSION PARAMETER: 140203.293965168HcVVHAzpQDDDDDDDtDcHApctVz
2024-11-05 22:41:33,006 INFO: WebToursBaseUserClass started. Host: http://localhost:1080
2024-11-05 22:41:33,007 INFO: Imported WebToursBaseUserClass
2024-11-05 22:41:33,026 INFO: Test data for users is: [{'﻿Login': 'jojo', 'Password': 'bean', 'address1': 'First street', 'address2': 'Liberty', 'pass1': 'Jojo Bean', 'arrive': 'Portland', 'depart': 'Denver'}, {'﻿Login': 'Mark', 'Password': 'Tven', 'address1': 'Boom street', 'address2': 'Akron', 'pass1': 'Mark Tven', 'arrive': 'San Francisco', 'depart': 'Frankfurt'}, {'﻿Login': 'Tony', 'Password': 'Versety', 'address1': 'Beach street', 'address2': 'Vicecity', 'pass1': 'Tony Versety', 'arrive': 'Seattle', 'depart': 'London'}, {'﻿Login': 'Thomas', 'Password': 'Shelbi', 'address1': 'Opolo street', 'address2': 'Boston', 'pass1': 'Thomas Shelbi', 'arrive': 'Sydney', 'depart': 'Los Angeles'}, {'﻿Login': 'Oliver', 'Password': 'Abramson', 'address1': 'Fire street', 'address2': 'Buffalo', 'pass1': 'Oliver Abramson', 'arrive': 'Zurich', 'depart': 'Paris'}, {'﻿Login': 'Jack', 'Password': 'James', 'address1': 'Frends street', 'address2': 'Cary', 'pass1': 'Jack James', 'arrive': 'Denver', 'depart': 'Portland'}, {'﻿Login': 'Harry', 'Password': 'Bishop', 'address1': 'Obama street', 'address2': 'Concord', 'pass1': 'Harry Bishop', 'arrive': 'Frankfurt', 'depart': 'San Francisco'}, {'﻿Login': 'Jacob', 'Password': 'Longman', 'address1': 'Wall Street', 'address2': 'Erie', 'pass1': 'Jacob Longman', 'arrive': 'London', 'depart': 'Seattle'}, {'﻿Login': 'Charley', 'Password': 'Mason', 'address1': 'Liberty street', 'address2': 'Frisco', 'pass1': 'Charley Mason', 'arrive': 'Los Angeles', 'depart': 'Sydney'}, {'﻿Login': 'George', 'Password': 'Miller', 'address1': 'Lafayette Street', 'address2': 'Gresham', 'pass1': 'George Miller', 'arrive': 'Paris', 'depart': 'Zurich'}]
2024-11-05 22:41:35,303 INFO: USER_SESSION PARAMETER: 140203.36127987HcVVHVApDQfiDDDDtDcHApczcDHf
2024-11-05 22:43:50,310 INFO: WebToursBaseUserClass started. Host: http://localhost:1080
2024-11-05 22:43:50,311 INFO: Imported WebToursBaseUserClass
2024-11-05 22:43:50,326 INFO: Test data for users is: [{'﻿Login': 'jojo', 'Password': 'bean', 'address1': 'First street', 'address2': 'Liberty', 'pass1': 'Jojo Bean', 'arrive': 'Portland', 'depart': 'Denver'}, {'﻿Login': 'Mark', 'Password': 'Tven', 'address1': 'Boom street', 'address2': 'Akron', 'pass1': 'Mark Tven', 'arrive': 'San Francisco', 'depart': 'Frankfurt'}, {'﻿Login': 'Tony', 'Password': 'Versety', 'address1': 'Beach street', 'address2': 'Vicecity', 'pass1': 'Tony Versety', 'arrive': 'Seattle', 'depart': 'London'}, {'﻿Login': 'Thomas', 'Password': 'Shelbi', 'address1': 'Opolo street', 'address2': 'Boston', 'pass1': 'Thomas Shelbi', 'arrive': 'Sydney', 'depart': 'Los Angeles'}, {'﻿Login': 'Oliver', 'Password': 'Abramson', 'address1': 'Fire street', 'address2': 'Buffalo', 'pass1': 'Oliver Abramson', 'arrive': 'Zurich', 'depart': 'Paris'}, {'﻿Login': 'Jack', 'Password': 'James', 'address1': 'Frends street', 'address2': 'Cary', 'pass1': 'Jack James', 'arrive': 'Denver', 'depart': 'Portland'}, {'﻿Login': 'Harry', 'Password': 'Bishop', 'address1': 'Obama street', 'address2': 'Concord', 'pass1': 'Harry Bishop', 'arrive': 'Frankfurt', 'depart': 'San Francisco'}, {'﻿Login': 'Jacob', 'Password': 'Longman', 'address1': 'Wall Street', 'address2': 'Erie', 'pass1': 'Jacob Longman', 'arrive': 'London', 'depart': 'Seattle'}, {'﻿Login': 'Charley', 'Password': 'Mason', 'address1': 'Liberty street', 'address2': 'Frisco', 'pass1': 'Charley Mason', 'arrive': 'Los Angeles', 'depart': 'Sydney'}, {'﻿Login': 'George', 'Password': 'Miller', 'address1': 'Lafayette Street', 'address2': 'Gresham', 'pass1': 'George Miller', 'arrive': 'Paris', 'depart': 'Zurich'}]
2024-11-05 22:43:53,174 INFO: USER_SESSION PARAMETER: 140203.372458485HcVVHVApQHAiDDDDtDcHApczficf
2024-11-05 22:43:53,585 INFO: Test data for users is: [{'﻿Login': 'jojo', 'Password': 'bean', 'address1': 'First street', 'address2': 'Liberty', 'pass1': 'Jojo Bean', 'arrive': 'Portland', 'depart': 'Denver'}, {'﻿Login': 'Mark', 'Password': 'Tven', 'address1': 'Boom street', 'address2': 'Akron', 'pass1': 'Mark Tven', 'arrive': 'San Francisco', 'depart': 'Frankfurt'}, {'﻿Login': 'Tony', 'Password': 'Versety', 'address1': 'Beach street', 'address2': 'Vicecity', 'pass1': 'Tony Versety', 'arrive': 'Seattle', 'depart': 'London'}, {'﻿Login': 'Thomas', 'Password': 'Shelbi', 'address1': 'Opolo street', 'address2': 'Boston', 'pass1': 'Thomas Shelbi', 'arrive': 'Sydney', 'depart': 'Los Angeles'}, {'﻿Login': 'Oliver', 'Password': 'Abramson', 'address1': 'Fire street', 'address2': 'Buffalo', 'pass1': 'Oliver Abramson', 'arrive': 'Zurich', 'depart': 'Paris'}, {'﻿Login': 'Jack', 'Password': 'James', 'address1': 'Frends street', 'address2': 'Cary', 'pass1': 'Jack James', 'arrive': 'Denver', 'depart': 'Portland'}, {'﻿Login': 'Harry', 'Password': 'Bishop', 'address1': 'Obama street', 'address2': 'Concord', 'pass1': 'Harry Bishop', 'arrive': 'Frankfurt', 'depart': 'San Francisco'}, {'﻿Login': 'Jacob', 'Password': 'Longman', 'address1': 'Wall Street', 'address2': 'Erie', 'pass1': 'Jacob Longman', 'arrive': 'London', 'depart': 'Seattle'}, {'﻿Login': 'Charley', 'Password': 'Mason', 'address1': 'Liberty street', 'address2': 'Frisco', 'pass1': 'Charley Mason', 'arrive': 'Los Angeles', 'depart': 'Sydney'}, {'﻿Login': 'George', 'Password': 'Miller', 'address1': 'Lafayette Street', 'address2': 'Gresham', 'pass1': 'George Miller', 'arrive': 'Paris', 'depart': 'Zurich'}]
2024-11-05 22:43:53,819 INFO: USER_SESSION PARAMETER: 140203.372458485HcVVHVApQHAiDDDDtDcHApczficf
2024-11-05 22:43:54,586 INFO: Test data for users is: [{'﻿Login': 'jojo', 'Password': 'bean', 'address1': 'First street', 'address2': 'Liberty', 'pass1': 'Jojo Bean', 'arrive': 'Portland', 'depart': 'Denver'}, {'﻿Login': 'Mark', 'Password': 'Tven', 'address1': 'Boom street', 'address2': 'Akron', 'pass1': 'Mark Tven', 'arrive': 'San Francisco', 'depart': 'Frankfurt'}, {'﻿Login': 'Tony', 'Password': 'Versety', 'address1': 'Beach street', 'address2': 'Vicecity', 'pass1': 'Tony Versety', 'arrive': 'Seattle', 'depart': 'London'}, {'﻿Login': 'Thomas', 'Password': 'Shelbi', 'address1': 'Opolo street', 'address2': 'Boston', 'pass1': 'Thomas Shelbi', 'arrive': 'Sydney', 'depart': 'Los Angeles'}, {'﻿Login': 'Oliver', 'Password': 'Abramson', 'address1': 'Fire street', 'address2': 'Buffalo', 'pass1': 'Oliver Abramson', 'arrive': 'Zurich', 'depart': 'Paris'}, {'﻿Login': 'Jack', 'Password': 'James', 'address1': 'Frends street', 'address2': 'Cary', 'pass1': 'Jack James', 'arrive': 'Denver', 'depart': 'Portland'}, {'﻿Login': 'Harry', 'Password': 'Bishop', 'address1': 'Obama street', 'address2': 'Concord', 'pass1': 'Harry Bishop', 'arrive': 'Frankfurt', 'depart': 'San Francisco'}, {'﻿Login': 'Jacob', 'Password': 'Longman', 'address1': 'Wall Street', 'address2': 'Erie', 'pass1': 'Jacob Longman', 'arrive': 'London', 'depart': 'Seattle'}, {'﻿Login': 'Charley', 'Password': 'Mason', 'address1': 'Liberty street', 'address2': 'Frisco', 'pass1': 'Charley Mason', 'arrive': 'Los Angeles', 'depart': 'Sydney'}, {'﻿Login': 'George', 'Password': 'Miller', 'address1': 'Lafayette Street', 'address2': 'Gresham', 'pass1': 'George Miller', 'arrive': 'Paris', 'depart': 'Zurich'}]
2024-11-05 22:43:54,784 INFO: USER_SESSION PARAMETER: 140203.37253949HcVVHVApQHftDcHApczfif
2024-11-05 22:43:55,594 INFO: Test data for users is: [{'﻿Login': 'jojo', 'Password': 'bean', 'address1': 'First street', 'address2': 'Liberty', 'pass1': 'Jojo Bean', 'arrive': 'Portland', 'depart': 'Denver'}, {'﻿Login': 'Mark', 'Password': 'Tven', 'address1': 'Boom street', 'address2': 'Akron', 'pass1': 'Mark Tven', 'arrive': 'San Francisco', 'depart': 'Frankfurt'}, {'﻿Login': 'Tony', 'Password': 'Versety', 'address1': 'Beach street', 'address2': 'Vicecity', 'pass1': 'Tony Versety', 'arrive': 'Seattle', 'depart': 'London'}, {'﻿Login': 'Thomas', 'Password': 'Shelbi', 'address1': 'Opolo street', 'address2': 'Boston', 'pass1': 'Thomas Shelbi', 'arrive': 'Sydney', 'depart': 'Los Angeles'}, {'﻿Login': 'Oliver', 'Password': 'Abramson', 'address1': 'Fire street', 'address2': 'Buffalo', 'pass1': 'Oliver Abramson', 'arrive': 'Zurich', 'depart': 'Paris'}, {'﻿Login': 'Jack', 'Password': 'James', 'address1': 'Frends street', 'address2': 'Cary', 'pass1': 'Jack James', 'arrive': 'Denver', 'depart': 'Portland'}, {'﻿Login': 'Harry', 'Password': 'Bishop', 'address1': 'Obama street', 'address2': 'Concord', 'pass1': 'Harry Bishop', 'arrive': 'Frankfurt', 'depart': 'San Francisco'}, {'﻿Login': 'Jacob', 'Password': 'Longman', 'address1': 'Wall Street', 'address2': 'Erie', 'pass1': 'Jacob Longman', 'arrive': 'London', 'depart': 'Seattle'}, {'﻿Login': 'Charley', 'Password': 'Mason', 'address1': 'Liberty street', 'address2': 'Frisco', 'pass1': 'Charley Mason', 'arrive': 'Los Angeles', 'depart': 'Sydney'}, {'﻿Login': 'George', 'Password': 'Miller', 'address1': 'Lafayette Street', 'address2': 'Gresham', 'pass1': 'George Miller', 'arrive': 'Paris', 'depart': 'Zurich'}]
2024-11-05 22:43:55,783 INFO: USER_SESSION PARAMETER: 140203.372620494HcVVHVApQHQVzzzHtDcHApczfiHf
2024-11-05 22:45:30,431 INFO: WebToursBaseUserClass started. Host: http://localhost:1080
2024-11-05 22:45:30,432 INFO: Imported WebToursBaseUserClass
2024-11-05 22:45:30,447 INFO: Test data for users is: [{'﻿Login': 'jojo', 'Password': 'bean', 'address1': 'First street', 'address2': 'Liberty', 'pass1': 'Jojo Bean', 'arrive': 'Portland', 'depart': 'Denver'}, {'﻿Login': 'Mark', 'Password': 'Tven', 'address1': 'Boom street', 'address2': 'Akron', 'pass1': 'Mark Tven', 'arrive': 'San Francisco', 'depart': 'Frankfurt'}, {'﻿Login': 'Tony', 'Password': 'Versety', 'address1': 'Beach street', 'address2': 'Vicecity', 'pass1': 'Tony Versety', 'arrive': 'Seattle', 'depart': 'London'}, {'﻿Login': 'Thomas', 'Password': 'Shelbi', 'address1': 'Opolo street', 'address2': 'Boston', 'pass1': 'Thomas Shelbi', 'arrive': 'Sydney', 'depart': 'Los Angeles'}, {'﻿Login': 'Oliver', 'Password': 'Abramson', 'address1': 'Fire street', 'address2': 'Buffalo', 'pass1': 'Oliver Abramson', 'arrive': 'Zurich', 'depart': 'Paris'}, {'﻿Login': 'Jack', 'Password': 'James', 'address1': 'Frends street', 'address2': 'Cary', 'pass1': 'Jack James', 'arrive': 'Denver', 'depart': 'Portland'}, {'﻿Login': 'Harry', 'Password': 'Bishop', 'address1': 'Obama street', 'address2': 'Concord', 'pass1': 'Harry Bishop', 'arrive': 'Frankfurt', 'depart': 'San Francisco'}, {'﻿Login': 'Jacob', 'Password': 'Longman', 'address1': 'Wall Street', 'address2': 'Erie', 'pass1': 'Jacob Longman', 'arrive': 'London', 'depart': 'Seattle'}, {'﻿Login': 'Charley', 'Password': 'Mason', 'address1': 'Liberty street', 'address2': 'Frisco', 'pass1': 'Charley Mason', 'arrive': 'Los Angeles', 'depart': 'Sydney'}, {'﻿Login': 'George', 'Password': 'Miller', 'address1': 'Lafayette Street', 'address2': 'Gresham', 'pass1': 'George Miller', 'arrive': 'Paris', 'depart': 'Zurich'}]
2024-11-05 22:45:32,715 INFO: USER_SESSION PARAMETER: 140203.380477926HcVVHVVpDiDDDDDDtDcHApcziD
2024-11-05 22:50:33,095 INFO: WebToursBaseUserClass started. Host: http://localhost:1080
2024-11-05 22:50:33,095 INFO: Imported WebToursBaseUserClass
2024-11-05 22:50:33,111 INFO: Test data for users is: [{'﻿Login': 'jojo', 'Password': 'bean', 'address1': 'First street', 'address2': 'Liberty', 'pass1': 'Jojo Bean', 'arrive': 'Portland', 'depart': 'Denver'}, {'﻿Login': 'Mark', 'Password': 'Tven', 'address1': 'Boom street', 'address2': 'Akron', 'pass1': 'Mark Tven', 'arrive': 'San Francisco', 'depart': 'Frankfurt'}, {'﻿Login': 'Tony', 'Password': 'Versety', 'address1': 'Beach street', 'address2': 'Vicecity', 'pass1': 'Tony Versety', 'arrive': 'Seattle', 'depart': 'London'}, {'﻿Login': 'Thomas', 'Password': 'Shelbi', 'address1': 'Opolo street', 'address2': 'Boston', 'pass1': 'Thomas Shelbi', 'arrive': 'Sydney', 'depart': 'Los Angeles'}, {'﻿Login': 'Oliver', 'Password': 'Abramson', 'address1': 'Fire street', 'address2': 'Buffalo', 'pass1': 'Oliver Abramson', 'arrive': 'Zurich', 'depart': 'Paris'}, {'﻿Login': 'Jack', 'Password': 'James', 'address1': 'Frends street', 'address2': 'Cary', 'pass1': 'Jack James', 'arrive': 'Denver', 'depart': 'Portland'}, {'﻿Login': 'Harry', 'Password': 'Bishop', 'address1': 'Obama street', 'address2': 'Concord', 'pass1': 'Harry Bishop', 'arrive': 'Frankfurt', 'depart': 'San Francisco'}, {'﻿Login': 'Jacob', 'Password': 'Longman', 'address1': 'Wall Street', 'address2': 'Erie', 'pass1': 'Jacob Longman', 'arrive': 'London', 'depart': 'Seattle'}, {'﻿Login': 'Charley', 'Password': 'Mason', 'address1': 'Liberty street', 'address2': 'Frisco', 'pass1': 'Charley Mason', 'arrive': 'Los Angeles', 'depart': 'Sydney'}, {'﻿Login': 'George', 'Password': 'Miller', 'address1': 'Lafayette Street', 'address2': 'Gresham', 'pass1': 'George Miller', 'arrive': 'Paris', 'depart': 'Zurich'}]
2024-11-05 22:50:35,396 INFO: USER_SESSION PARAMETER: 140203.405022276HcVVHVcpztfiDDDDtDcHApcHfiHf
